Using pre-set license
Built from 'HEAD' branch; Version is '2021.3.13f1c1 (07291ec823bf) revision 469278'; Using compiler version '192829333'; Build Type 'Release'
OS: 'Windows 11  (10.0.22000) 64bit CoreCountrySpecific' Language: 'zh' Physical Memory: 16108 MB
BatchMode: 1, IsHumanControllingUs: 0, StartBugReporterOnCrash: 0, Is64bit: 1, IsPro: 1

COMMAND LINE ARGUMENTS:
E:\unity\2021.3.13f1c1\Editor\Unity.exe
-adb2
-batchMode
-noUpm
-name
AssetImportWorker0
-projectPath
F:/诗悦/github/Backpack
-logFile
Logs/AssetImportWorker0.log
-srvPort
61644
Successfully changed project path to: F:/诗悦/github/Backpack
F:/诗悦/github/Backpack
[UnityMemory] Configuration Parameters - Can be set up in boot.config
    "memorysetup-bucket-allocator-granularity=16"
    "memorysetup-bucket-allocator-bucket-count=8"
    "memorysetup-bucket-allocator-block-size=33554432"
    "memorysetup-bucket-allocator-block-count=8"
    "memorysetup-main-allocator-block-size=16777216"
    "memorysetup-thread-allocator-block-size=16777216"
    "memorysetup-gfx-main-allocator-block-size=16777216"
    "memorysetup-gfx-thread-allocator-block-size=16777216"
    "memorysetup-cache-allocator-block-size=4194304"
    "memorysetup-typetree-allocator-block-size=2097152"
    "memorysetup-profiler-bucket-allocator-granularity=16"
    "memorysetup-profiler-bucket-allocator-bucket-count=8"
    "memorysetup-profiler-bucket-allocator-block-size=33554432"
    "memorysetup-profiler-bucket-allocator-block-count=8"
    "memorysetup-profiler-allocator-block-size=16777216"
    "memorysetup-profiler-editor-allocator-block-size=1048576"
    "memorysetup-temp-allocator-size-main=16777216"
    "memorysetup-job-temp-allocator-block-size=2097152"
    "memorysetup-job-temp-allocator-block-size-background=1048576"
    "memorysetup-job-temp-allocator-reduction-small-platforms=262144"
    "memorysetup-temp-allocator-size-background-worker=32768"
    "memorysetup-temp-allocator-size-job-worker=262144"
    "memorysetup-temp-allocator-size-preload-manager=33554432"
    "memorysetup-temp-allocator-size-nav-mesh-worker=65536"
    "memorysetup-temp-allocator-size-audio-worker=65536"
    "memorysetup-temp-allocator-size-cloud-worker=32768"
    "memorysetup-temp-allocator-size-gi-baking-worker=262144"
    "memorysetup-temp-allocator-size-gfx=262144"
AS: AutoStreaming module initializing.
Refreshing native plugins compatible for Editor in 61.58 ms, found 4 plugins.
Preloading 0 native plugins for Editor in 0.00 ms.
Initialize engine version: 2021.3.13f1c1 (07291ec823bf)
[Subsystems] Discovering subsystems at path E:/unity/2021.3.13f1c1/Editor/Data/Resources/UnitySubsystems
[Subsystems] Discovering subsystems at path F:/诗悦/github/Backpack/Assets
GfxDevice: creating device client; threaded=0; jobified=0
Direct3D:
    Version:  Direct3D 11.0 [level 11.1]
    Renderer: NVIDIA GeForce RTX 3070 Ti Laptop GPU (ID=0x24e0)
    Vendor:   NVIDIA
    VRAM:     8043 MB
    Driver:   31.0.15.1700
Initialize mono
Mono path[0] = 'E:/unity/2021.3.13f1c1/Editor/Data/Managed'
Mono path[1] = 'E:/unity/2021.3.13f1c1/Editor/Data/MonoBleedingEdge/lib/mono/unityjit-win32'
Mono config path = 'E:/unity/2021.3.13f1c1/Editor/Data/MonoBleedingEdge/etc'
Using monoOptions --debugger-agent=transport=dt_socket,embedding=1,server=y,suspend=n,address=127.0.0.1:56456
Begin MonoManager ReloadAssembly
Registering precompiled unity dll's ...
Register platform support module: E:/unity/2021.3.13f1c1/Editor/Data/PlaybackEngines/WindowsStandaloneSupport/UnityEditor.WindowsStandalone.Extensions.dll
Registered in 0.001380 seconds.
Native extension for WindowsStandalone target not found
Refreshing native plugins compatible for Editor in 56.37 ms, found 4 plugins.
Preloading 0 native plugins for Editor in 0.00 ms.
Mono: successfully reloaded assembly
- Completed reload, in  0.460 seconds
Domain Reload Profiling:
	ReloadAssembly (460ms)
		BeginReloadAssembly (47ms)
			ExecutionOrderSort (0ms)
			DisableScriptedObjects (0ms)
			BackupInstance (0ms)
			ReleaseScriptingObjects (0ms)
			CreateAndSetChildDomain (1ms)
		EndReloadAssembly (332ms)
			LoadAssemblies (45ms)
			RebuildTransferFunctionScriptingTraits (0ms)
			SetupTypeCache (67ms)
			ReleaseScriptCaches (0ms)
			RebuildScriptCaches (24ms)
			SetupLoadedEditorAssemblies (195ms)
				LogAssemblyErrors (0ms)
				InitializePlatformSupportModulesInManaged (5ms)
				SetLoadedEditorAssemblies (0ms)
				RefreshPlugins (56ms)
				BeforeProcessingInitializeOnLoad (2ms)
				ProcessInitializeOnLoadAttributes (94ms)
				ProcessInitializeOnLoadMethodAttributes (37ms)
				AfterProcessingInitializeOnLoad (0ms)
				EditorAssembliesLoaded (0ms)
			ExecutionOrderSort2 (0ms)
			AwakeInstancesAfterBackupRestoration (0ms)
Platform modules already initialized, skipping
Registering precompiled user dll's ...
Registered in 0.006864 seconds.
Begin MonoManager ReloadAssembly
Symbol file LoadedFromMemory doesn't match image F:\诗悦\github\Backpack\Library\PackageCache\com.unity.visualscripting@1.7.8\Editor\VisualScripting.Core\Dependencies\YamlDotNet\Unity.VisualScripting.YamlDotNet.dll
Symbol file LoadedFromMemory doesn't match image F:\诗悦\github\Backpack\Library\PackageCache\com.unity.visualscripting@1.7.8\Editor\VisualScripting.Core\Dependencies\DotNetZip\Unity.VisualScripting.IonicZip.dll
Native extension for WindowsStandalone target not found
Refreshing native plugins compatible for Editor in 0.62 ms, found 4 plugins.
Preloading 0 native plugins for Editor in 0.00 ms.
Mono: successfully reloaded assembly
- Completed reload, in  0.725 seconds
Domain Reload Profiling:
	ReloadAssembly (726ms)
		BeginReloadAssembly (80ms)
			ExecutionOrderSort (0ms)
			DisableScriptedObjects (4ms)
			BackupInstance (0ms)
			ReleaseScriptingObjects (0ms)
			CreateAndSetChildDomain (15ms)
		EndReloadAssembly (569ms)
			LoadAssemblies (62ms)
			RebuildTransferFunctionScriptingTraits (0ms)
			SetupTypeCache (178ms)
			ReleaseScriptCaches (0ms)
			RebuildScriptCaches (36ms)
			SetupLoadedEditorAssemblies (265ms)
				LogAssemblyErrors (0ms)
				InitializePlatformSupportModulesInManaged (3ms)
				SetLoadedEditorAssemblies (0ms)
				RefreshPlugins (1ms)
				BeforeProcessingInitializeOnLoad (68ms)
				ProcessInitializeOnLoadAttributes (165ms)
				ProcessInitializeOnLoadMethodAttributes (23ms)
				AfterProcessingInitializeOnLoad (4ms)
				EditorAssembliesLoaded (0ms)
			ExecutionOrderSort2 (0ms)
			AwakeInstancesAfterBackupRestoration (5ms)
Platform modules already initialized, skipping
========================================================================
Worker process is ready to serve import requests
Launched and connected shader compiler UnityShaderCompiler.exe after 0.04 seconds
Refreshing native plugins compatible for Editor in 0.54 ms, found 4 plugins.
Preloading 0 native plugins for Editor in 0.00 ms.
Unloading 3477 Unused Serialized files (Serialized files now loaded: 0)
Unloading 43 unused Assets / (113.4 KB). Loaded Objects now: 3920.
Memory consumption went from 126.3 MB to 126.2 MB.
Total: 3.449000 ms (FindLiveObjects: 0.301200 ms CreateObjectMapping: 0.119200 ms MarkObjects: 2.921900 ms  DeleteObjects: 0.105400 ms)

AssetImportParameters requested are different than current active one (requested -> active):
  custom:video-decoder-ogg-theora: a1e56fd34408186e4bbccfd4996cb3dc -> 
  custom:container-muxer-webm: aa71ff27fc2769a1b78a27578f13a17b -> 
  custom:container-demuxer-webm: 4f35f7cbe854078d1ac9338744f61a02 -> 
  custom:video-encoder-webm-vp8: eb34c28f22e8b96e1ab97ce403110664 -> 
  custom:video-codec-MediaFoundation-h265: 746d11721c4dcdbdad8f713fa42b33f4 -> 
  custom:audio-encoder-webm-vorbis: bf7c407c2cedff20999df2af8eb42d56 -> 
  custom:framework-win-MediaFoundation: 216162199b28c13a410421893ffa2e32 -> 
  custom:container-demuxer-ogg: 62fdf1f143b41e24485cea50d1cbac27 -> 
  custom:video-decoder-webm-vp8: 9c59270c3fd7afecdb556c50c9e8de78 -> 
  custom:audio-decoder-ogg-vorbis: bf7c407c2cedff20999df2af8eb42d56 -> 
========================================================================
Received Import Request.
  Time since last request: 433516.107865 seconds.
  path: Assets/LuaTxt/ItemGrid.lua.txt
  artifactKey: Guid(7151814d09768564e84e56059a4edeee) Importer(815301076,1909f56bfc062723c751e8b465ee728b)
Start importing Assets/LuaTxt/ItemGrid.lua.txt using Guid(7151814d09768564e84e56059a4edeee) Importer(815301076,1909f56bfc062723c751e8b465ee728b)  -> (artifact id: '34f646e4ad2e8c54cd46c6ce4a772bed') in 0.027881 seconds 
========================================================================
Received Import Request.
  Time since last request: 71.351427 seconds.
  path: Assets/Scripts/ProjectBase/LuaMgr.cs
  artifactKey: Guid(bfa8e388a1a25504f96fb986d8857bab) Importer(815301076,1909f56bfc062723c751e8b465ee728b)
Start importing Assets/Scripts/ProjectBase/LuaMgr.cs using Guid(bfa8e388a1a25504f96fb986d8857bab) Importer(815301076,1909f56bfc062723c751e8b465ee728b)  -> (artifact id: '6c543069072c3e8f2af1cae1cb091966') in 0.021443 seconds 
========================================================================
Received Import Request.
  Time since last request: 2.523983 seconds.
  path: Assets/Scripts/ProjectBase/ABMgr.cs
  artifactKey: Guid(276aea9207530ed42bf8b4e024452250) Importer(815301076,1909f56bfc062723c751e8b465ee728b)
Start importing Assets/Scripts/ProjectBase/ABMgr.cs using Guid(276aea9207530ed42bf8b4e024452250) Importer(815301076,1909f56bfc062723c751e8b465ee728b)  -> (artifact id: '6a8cc2e77fcffda607e3e9c0386c7e89') in 0.002335 seconds 
========================================================================
Received Import Request.
  Time since last request: 0.704042 seconds.
  path: Assets/Scripts/ProjectBase/Base
  artifactKey: Guid(d68e4b44f4d98e049937ade754d1edeb) Importer(815301076,1909f56bfc062723c751e8b465ee728b)
Start importing Assets/Scripts/ProjectBase/Base using Guid(d68e4b44f4d98e049937ade754d1edeb) Importer(815301076,1909f56bfc062723c751e8b465ee728b)  -> (artifact id: '46d115bb9af27ab0e4f904f458ec4e5e') in 0.001667 seconds 
========================================================================
Received Import Request.
  Time since last request: 5.003320 seconds.
  path: Assets/Lua/JsonUtility.lua
  artifactKey: Guid(f02853980ca70594f9ddfa5faba36851) Importer(815301076,1909f56bfc062723c751e8b465ee728b)
Start importing Assets/Lua/JsonUtility.lua using Guid(f02853980ca70594f9ddfa5faba36851) Importer(815301076,1909f56bfc062723c751e8b465ee728b)  -> (artifact id: '1cb1b72eb65e77b14d9d632f5f82cd97') in 0.004826 seconds 
========================================================================
Received Import Request.
  Time since last request: 0.914624 seconds.
  path: Assets/Lua/BagPanel.lua
  artifactKey: Guid(5398837496cd7e24baa72a09f2c821f8) Importer(815301076,1909f56bfc062723c751e8b465ee728b)
Start importing Assets/Lua/BagPanel.lua using Guid(5398837496cd7e24baa72a09f2c821f8) Importer(815301076,1909f56bfc062723c751e8b465ee728b)  -> (artifact id: '300594cd88fdef3e26cfc07f605175d3') in 0.001923 seconds 
========================================================================
Received Import Request.
  Time since last request: 0.784829 seconds.
  path: Assets/Lua/BasePanel.lua
  artifactKey: Guid(503aa77e9d92d3045b6be6679cc8b34f) Importer(815301076,1909f56bfc062723c751e8b465ee728b)
Start importing Assets/Lua/BasePanel.lua using Guid(503aa77e9d92d3045b6be6679cc8b34f) Importer(815301076,1909f56bfc062723c751e8b465ee728b)  -> (artifact id: '75ff30abf8f9f3dd84efd9d666eb3653') in 0.002029 seconds 
========================================================================
Received Import Request.
  Time since last request: 0.601015 seconds.
  path: Assets/Lua/InitClass.lua
  artifactKey: Guid(57297cfe337594a4ba70031486eb53b3) Importer(815301076,1909f56bfc062723c751e8b465ee728b)
Start importing Assets/Lua/InitClass.lua using Guid(57297cfe337594a4ba70031486eb53b3) Importer(815301076,1909f56bfc062723c751e8b465ee728b)  -> (artifact id: '28d292afeb847b2b1c08d775b9b8137f') in 0.002957 seconds 
========================================================================
Received Import Request.
  Time since last request: 0.647894 seconds.
  path: Assets/Lua/ItemData.lua
  artifactKey: Guid(35f88441d79afe84f9822e7a0fa43e48) Importer(815301076,1909f56bfc062723c751e8b465ee728b)
Start importing Assets/Lua/ItemData.lua using Guid(35f88441d79afe84f9822e7a0fa43e48) Importer(815301076,1909f56bfc062723c751e8b465ee728b)  -> (artifact id: '717b393b0d35e40c572bb5f03a5adca5') in 0.001801 seconds 
========================================================================
Received Import Request.
  Time since last request: 0.546199 seconds.
  path: Assets/Lua/ItemGrid.lua
  artifactKey: Guid(df0fc580d406939408373c0aecbbc6a7) Importer(815301076,1909f56bfc062723c751e8b465ee728b)
Start importing Assets/Lua/ItemGrid.lua using Guid(df0fc580d406939408373c0aecbbc6a7) Importer(815301076,1909f56bfc062723c751e8b465ee728b)  -> (artifact id: '60468a58ccc33acc96dbfcb54f60d0ea') in 0.001910 seconds 
========================================================================
Received Import Request.
  Time since last request: 1.660830 seconds.
  path: Assets/Lua/Main.lua
  artifactKey: Guid(364892d062264754c8f6b5266104ea30) Importer(815301076,1909f56bfc062723c751e8b465ee728b)
Start importing Assets/Lua/Main.lua using Guid(364892d062264754c8f6b5266104ea30) Importer(815301076,1909f56bfc062723c751e8b465ee728b)  -> (artifact id: '34c393eb0b79df55b9630bd3338fe17b') in 0.016786 seconds 
========================================================================
Received Import Request.
  Time since last request: 1.383087 seconds.
  path: Assets/Lua/MainPanel.lua
  artifactKey: Guid(dfd57b8b2d2e0c64284a4001a7e56d71) Importer(815301076,1909f56bfc062723c751e8b465ee728b)
Start importing Assets/Lua/MainPanel.lua using Guid(dfd57b8b2d2e0c64284a4001a7e56d71) Importer(815301076,1909f56bfc062723c751e8b465ee728b)  -> (artifact id: 'b5edfa93afc28026878dc0fca59cdabd') in 0.002685 seconds 
========================================================================
Received Import Request.
  Time since last request: 1.892952 seconds.
  path: Assets/Lua/PlayerData.lua
  artifactKey: Guid(f1513dd367392d541965887819c0aa34) Importer(815301076,1909f56bfc062723c751e8b465ee728b)
Start importing Assets/Lua/PlayerData.lua using Guid(f1513dd367392d541965887819c0aa34) Importer(815301076,1909f56bfc062723c751e8b465ee728b)  -> (artifact id: 'e09644ce46a1ab4b3bcb8b875851f074') in 0.001716 seconds 
========================================================================
Received Import Request.
  Time since last request: 0.966400 seconds.
  path: Assets/Lua/WorldObj.lua
  artifactKey: Guid(fa5b2f9b7b4a4144aa727cff20c6a65c) Importer(815301076,1909f56bfc062723c751e8b465ee728b)
Start importing Assets/Lua/WorldObj.lua using Guid(fa5b2f9b7b4a4144aa727cff20c6a65c) Importer(815301076,1909f56bfc062723c751e8b465ee728b)  -> (artifact id: '1d76f6a3572a71c9f009c95bfee0a545') in 0.001991 seconds 
========================================================================
Received Import Request.
  Time since last request: 3.403913 seconds.
  path: Assets/LuaTxt/Main.lua.txt
  artifactKey: Guid(955512c9e4412cb429de82bbcaddf182) Importer(815301076,1909f56bfc062723c751e8b465ee728b)
Start importing Assets/LuaTxt/Main.lua.txt using Guid(955512c9e4412cb429de82bbcaddf182) Importer(815301076,1909f56bfc062723c751e8b465ee728b)  -> (artifact id: '71f1ee313114779d266fd596ad829d82') in 0.002359 seconds 
========================================================================
Received Import Request.
  Time since last request: 1.164181 seconds.
  path: Assets/LuaTxt/SplitTools.lua.txt
  artifactKey: Guid(ef7ef1a27d9a7864684410eaa04a3f05) Importer(815301076,1909f56bfc062723c751e8b465ee728b)
Start importing Assets/LuaTxt/SplitTools.lua.txt using Guid(ef7ef1a27d9a7864684410eaa04a3f05) Importer(815301076,1909f56bfc062723c751e8b465ee728b)  -> (artifact id: '29cb6cfb6bf70868baafc681380558bf') in 0.001789 seconds 
========================================================================
Received Import Request.
  Time since last request: 1.048947 seconds.
  path: Assets/LuaTxt/PlayerData.lua.txt
  artifactKey: Guid(8944133e6f7de84469a903b129e084cb) Importer(815301076,1909f56bfc062723c751e8b465ee728b)
Start importing Assets/LuaTxt/PlayerData.lua.txt using Guid(8944133e6f7de84469a903b129e084cb) Importer(815301076,1909f56bfc062723c751e8b465ee728b)  -> (artifact id: 'd587bc8e3b384410203f25b12571a522') in 0.001850 seconds 
========================================================================
Received Import Request.
  Time since last request: 1.865195 seconds.
  path: Assets/LuaTxt/MainPanel.lua.txt
  artifactKey: Guid(590b9b9fc26990b48878428be50ff71d) Importer(815301076,1909f56bfc062723c751e8b465ee728b)
Start importing Assets/LuaTxt/MainPanel.lua.txt using Guid(590b9b9fc26990b48878428be50ff71d) Importer(815301076,1909f56bfc062723c751e8b465ee728b)  -> (artifact id: 'abc430b7477ad1327603c358dbd51658') in 0.001888 seconds 
========================================================================
Received Import Request.
  Time since last request: 4.322379 seconds.
  path: Assets/LuaTxt/JsonUtility.lua.txt
  artifactKey: Guid(4415a0f3183731b40b95f95b3fc1b089) Importer(815301076,1909f56bfc062723c751e8b465ee728b)
Start importing Assets/LuaTxt/JsonUtility.lua.txt using Guid(4415a0f3183731b40b95f95b3fc1b089) Importer(815301076,1909f56bfc062723c751e8b465ee728b)  -> (artifact id: 'ea1329c3108114865efee572c75d7bc2') in 0.002399 seconds 
========================================================================
Received Import Request.
  Time since last request: 2.706952 seconds.
  path: Assets/LuaTxt/InitClass.lua.txt
  artifactKey: Guid(49cb9d6b5b76ab54085a860a33eff084) Importer(815301076,1909f56bfc062723c751e8b465ee728b)
Start importing Assets/LuaTxt/InitClass.lua.txt using Guid(49cb9d6b5b76ab54085a860a33eff084) Importer(815301076,1909f56bfc062723c751e8b465ee728b)  -> (artifact id: '9f3645e357cc4d49e53383db9d0939bc') in 0.002461 seconds 
========================================================================
Received Import Request.
  Time since last request: 0.631858 seconds.
  path: Assets/LuaTxt/BasePanel.lua.txt
  artifactKey: Guid(4345084faac2d674b9c0b766bdb6af1f) Importer(815301076,1909f56bfc062723c751e8b465ee728b)
Start importing Assets/LuaTxt/BasePanel.lua.txt using Guid(4345084faac2d674b9c0b766bdb6af1f) Importer(815301076,1909f56bfc062723c751e8b465ee728b)  -> (artifact id: '3b4b345a5ed48e16d72008357202ea31') in 0.001782 seconds 
========================================================================
Received Import Request.
  Time since last request: 7.300360 seconds.
  path: Assets/LuaTxt/BagPanel.lua.txt
  artifactKey: Guid(9eed13518d75c7844a8d52edf0f6b7d3) Importer(815301076,1909f56bfc062723c751e8b465ee728b)
Start importing Assets/LuaTxt/BagPanel.lua.txt using Guid(9eed13518d75c7844a8d52edf0f6b7d3) Importer(815301076,1909f56bfc062723c751e8b465ee728b)  -> (artifact id: 'a48a5b0b9a0f3ea8768b267cad104a0d') in 0.001721 seconds 
========================================================================
Received Prepare
Registering precompiled user dll's ...
Registered in 0.006956 seconds.
Begin MonoManager ReloadAssembly
Symbol file LoadedFromMemory doesn't match image F:\诗悦\github\Backpack\Library\PackageCache\com.unity.visualscripting@1.7.8\Editor\VisualScripting.Core\Dependencies\YamlDotNet\Unity.VisualScripting.YamlDotNet.dll
Symbol file LoadedFromMemory doesn't match image F:\诗悦\github\Backpack\Library\PackageCache\com.unity.visualscripting@1.7.8\Editor\VisualScripting.Core\Dependencies\DotNetZip\Unity.VisualScripting.IonicZip.dll
Native extension for WindowsStandalone target not found
Refreshing native plugins compatible for Editor in 0.66 ms, found 4 plugins.
Preloading 0 native plugins for Editor in 0.00 ms.
Mono: successfully reloaded assembly
- Completed reload, in  0.714 seconds
Domain Reload Profiling:
	ReloadAssembly (714ms)
		BeginReloadAssembly (102ms)
			ExecutionOrderSort (0ms)
			DisableScriptedObjects (4ms)
			BackupInstance (0ms)
			ReleaseScriptingObjects (0ms)
			CreateAndSetChildDomain (31ms)
		EndReloadAssembly (545ms)
			LoadAssemblies (59ms)
			RebuildTransferFunctionScriptingTraits (0ms)
			SetupTypeCache (183ms)
			ReleaseScriptCaches (1ms)
			RebuildScriptCaches (31ms)
			SetupLoadedEditorAssemblies (235ms)
				LogAssemblyErrors (0ms)
				InitializePlatformSupportModulesInManaged (9ms)
				SetLoadedEditorAssemblies (0ms)
				RefreshPlugins (1ms)
				BeforeProcessingInitializeOnLoad (50ms)
				ProcessInitializeOnLoadAttributes (149ms)
				ProcessInitializeOnLoadMethodAttributes (21ms)
				AfterProcessingInitializeOnLoad (4ms)
				EditorAssembliesLoaded (0ms)
			ExecutionOrderSort2 (0ms)
			AwakeInstancesAfterBackupRestoration (6ms)
Platform modules already initialized, skipping
Refreshing native plugins compatible for Editor in 4.43 ms, found 4 plugins.
Preloading 0 native plugins for Editor in 0.00 ms.
Unloading 3472 Unused Serialized files (Serialized files now loaded: 0)
Unloading 36 unused Assets / (80.8 KB). Loaded Objects now: 3924.
Memory consumption went from 126.3 MB to 126.2 MB.
Total: 2.731400 ms (FindLiveObjects: 0.186500 ms CreateObjectMapping: 0.089300 ms MarkObjects: 2.366800 ms  DeleteObjects: 0.087600 ms)

AssetImportParameters requested are different than current active one (requested -> active):
  custom:video-decoder-ogg-theora: a1e56fd34408186e4bbccfd4996cb3dc -> 
  custom:container-muxer-webm: aa71ff27fc2769a1b78a27578f13a17b -> 
  custom:container-demuxer-webm: 4f35f7cbe854078d1ac9338744f61a02 -> 
  custom:video-encoder-webm-vp8: eb34c28f22e8b96e1ab97ce403110664 -> 
  custom:video-codec-MediaFoundation-h265: 746d11721c4dcdbdad8f713fa42b33f4 -> 
  custom:audio-encoder-webm-vorbis: bf7c407c2cedff20999df2af8eb42d56 -> 
  custom:framework-win-MediaFoundation: 216162199b28c13a410421893ffa2e32 -> 
  custom:container-demuxer-ogg: 62fdf1f143b41e24485cea50d1cbac27 -> 
  custom:video-decoder-webm-vp8: 9c59270c3fd7afecdb556c50c9e8de78 -> 
  custom:audio-decoder-ogg-vorbis: bf7c407c2cedff20999df2af8eb42d56 -> 
========================================================================
Received Prepare
Refreshing native plugins compatible for Editor in 6.73 ms, found 4 plugins.
Preloading 0 native plugins for Editor in 0.00 ms.
Unloading 36 Unused Serialized files (Serialized files now loaded: 0)
Unloading 36 unused Assets / (78.2 KB). Loaded Objects now: 3924.
Memory consumption went from 57.6 MB to 57.5 MB.
Total: 3.181200 ms (FindLiveObjects: 0.262200 ms CreateObjectMapping: 0.104900 ms MarkObjects: 2.720400 ms  DeleteObjects: 0.092300 ms)

AssetImportParameters requested are different than current active one (requested -> active):
  custom:video-decoder-ogg-theora: a1e56fd34408186e4bbccfd4996cb3dc -> 
  custom:container-muxer-webm: aa71ff27fc2769a1b78a27578f13a17b -> 
  custom:container-demuxer-webm: 4f35f7cbe854078d1ac9338744f61a02 -> 
  custom:video-encoder-webm-vp8: eb34c28f22e8b96e1ab97ce403110664 -> 
  custom:video-codec-MediaFoundation-h265: 746d11721c4dcdbdad8f713fa42b33f4 -> 
  custom:audio-encoder-webm-vorbis: bf7c407c2cedff20999df2af8eb42d56 -> 
  custom:framework-win-MediaFoundation: 216162199b28c13a410421893ffa2e32 -> 
  custom:container-demuxer-ogg: 62fdf1f143b41e24485cea50d1cbac27 -> 
  custom:video-decoder-webm-vp8: 9c59270c3fd7afecdb556c50c9e8de78 -> 
  custom:audio-decoder-ogg-vorbis: bf7c407c2cedff20999df2af8eb42d56 -> 
========================================================================
Received Prepare
Refreshing native plugins compatible for Editor in 6.77 ms, found 4 plugins.
Preloading 0 native plugins for Editor in 0.00 ms.
Unloading 36 Unused Serialized files (Serialized files now loaded: 0)
Unloading 36 unused Assets / (77.1 KB). Loaded Objects now: 3924.
Memory consumption went from 57.6 MB to 57.5 MB.
Total: 3.044000 ms (FindLiveObjects: 0.275600 ms CreateObjectMapping: 0.129400 ms MarkObjects: 2.540500 ms  DeleteObjects: 0.097500 ms)

AssetImportParameters requested are different than current active one (requested -> active):
  custom:video-decoder-ogg-theora: a1e56fd34408186e4bbccfd4996cb3dc -> 
  custom:container-muxer-webm: aa71ff27fc2769a1b78a27578f13a17b -> 
  custom:container-demuxer-webm: 4f35f7cbe854078d1ac9338744f61a02 -> 
  custom:video-encoder-webm-vp8: eb34c28f22e8b96e1ab97ce403110664 -> 
  custom:video-codec-MediaFoundation-h265: 746d11721c4dcdbdad8f713fa42b33f4 -> 
  custom:audio-encoder-webm-vorbis: bf7c407c2cedff20999df2af8eb42d56 -> 
  custom:framework-win-MediaFoundation: 216162199b28c13a410421893ffa2e32 -> 
  custom:container-demuxer-ogg: 62fdf1f143b41e24485cea50d1cbac27 -> 
  custom:video-decoder-webm-vp8: 9c59270c3fd7afecdb556c50c9e8de78 -> 
  custom:audio-decoder-ogg-vorbis: bf7c407c2cedff20999df2af8eb42d56 -> 
========================================================================
Received Prepare
Refreshing native plugins compatible for Editor in 8.05 ms, found 4 plugins.
Preloading 0 native plugins for Editor in 0.00 ms.
Unloading 36 Unused Serialized files (Serialized files now loaded: 0)
Unloading 36 unused Assets / (78.2 KB). Loaded Objects now: 3924.
Memory consumption went from 57.6 MB to 57.5 MB.
Total: 5.311600 ms (FindLiveObjects: 0.238100 ms CreateObjectMapping: 0.185000 ms MarkObjects: 4.763200 ms  DeleteObjects: 0.123800 ms)

AssetImportParameters requested are different than current active one (requested -> active):
  custom:video-decoder-ogg-theora: a1e56fd34408186e4bbccfd4996cb3dc -> 
  custom:container-muxer-webm: aa71ff27fc2769a1b78a27578f13a17b -> 
  custom:container-demuxer-webm: 4f35f7cbe854078d1ac9338744f61a02 -> 
  custom:video-encoder-webm-vp8: eb34c28f22e8b96e1ab97ce403110664 -> 
  custom:video-codec-MediaFoundation-h265: 746d11721c4dcdbdad8f713fa42b33f4 -> 
  custom:audio-encoder-webm-vorbis: bf7c407c2cedff20999df2af8eb42d56 -> 
  custom:framework-win-MediaFoundation: 216162199b28c13a410421893ffa2e32 -> 
  custom:container-demuxer-ogg: 62fdf1f143b41e24485cea50d1cbac27 -> 
  custom:video-decoder-webm-vp8: 9c59270c3fd7afecdb556c50c9e8de78 -> 
  custom:audio-decoder-ogg-vorbis: bf7c407c2cedff20999df2af8eb42d56 -> 
========================================================================
Received Prepare
Refreshing native plugins compatible for Editor in 6.35 ms, found 4 plugins.
Preloading 0 native plugins for Editor in 0.00 ms.
Unloading 36 Unused Serialized files (Serialized files now loaded: 0)
Unloading 36 unused Assets / (77.1 KB). Loaded Objects now: 3924.
Memory consumption went from 57.6 MB to 57.5 MB.
Total: 3.836500 ms (FindLiveObjects: 0.258000 ms CreateObjectMapping: 0.113000 ms MarkObjects: 3.339200 ms  DeleteObjects: 0.124700 ms)

AssetImportParameters requested are different than current active one (requested -> active):
  custom:video-decoder-ogg-theora: a1e56fd34408186e4bbccfd4996cb3dc -> 
  custom:container-muxer-webm: aa71ff27fc2769a1b78a27578f13a17b -> 
  custom:container-demuxer-webm: 4f35f7cbe854078d1ac9338744f61a02 -> 
  custom:video-encoder-webm-vp8: eb34c28f22e8b96e1ab97ce403110664 -> 
  custom:video-codec-MediaFoundation-h265: 746d11721c4dcdbdad8f713fa42b33f4 -> 
  custom:audio-encoder-webm-vorbis: bf7c407c2cedff20999df2af8eb42d56 -> 
  custom:framework-win-MediaFoundation: 216162199b28c13a410421893ffa2e32 -> 
  custom:container-demuxer-ogg: 62fdf1f143b41e24485cea50d1cbac27 -> 
  custom:video-decoder-webm-vp8: 9c59270c3fd7afecdb556c50c9e8de78 -> 
  custom:audio-decoder-ogg-vorbis: bf7c407c2cedff20999df2af8eb42d56 -> 
========================================================================
Received Prepare
Refreshing native plugins compatible for Editor in 10.74 ms, found 4 plugins.
Preloading 0 native plugins for Editor in 0.00 ms.
Unloading 36 Unused Serialized files (Serialized files now loaded: 0)
Unloading 36 unused Assets / (77.3 KB). Loaded Objects now: 3924.
Memory consumption went from 57.6 MB to 57.5 MB.
Total: 3.697300 ms (FindLiveObjects: 0.276000 ms CreateObjectMapping: 0.120300 ms MarkObjects: 3.176600 ms  DeleteObjects: 0.123000 ms)

AssetImportParameters requested are different than current active one (requested -> active):
  custom:video-decoder-ogg-theora: a1e56fd34408186e4bbccfd4996cb3dc -> 
  custom:container-muxer-webm: aa71ff27fc2769a1b78a27578f13a17b -> 
  custom:container-demuxer-webm: 4f35f7cbe854078d1ac9338744f61a02 -> 
  custom:video-encoder-webm-vp8: eb34c28f22e8b96e1ab97ce403110664 -> 
  custom:video-codec-MediaFoundation-h265: 746d11721c4dcdbdad8f713fa42b33f4 -> 
  custom:audio-encoder-webm-vorbis: bf7c407c2cedff20999df2af8eb42d56 -> 
  custom:framework-win-MediaFoundation: 216162199b28c13a410421893ffa2e32 -> 
  custom:container-demuxer-ogg: 62fdf1f143b41e24485cea50d1cbac27 -> 
  custom:video-decoder-webm-vp8: 9c59270c3fd7afecdb556c50c9e8de78 -> 
  custom:audio-decoder-ogg-vorbis: bf7c407c2cedff20999df2af8eb42d56 -> 
========================================================================
Received Prepare
Refreshing native plugins compatible for Editor in 7.29 ms, found 4 plugins.
Preloading 0 native plugins for Editor in 0.00 ms.
Unloading 36 Unused Serialized files (Serialized files now loaded: 0)
Unloading 36 unused Assets / (78.2 KB). Loaded Objects now: 3924.
Memory consumption went from 57.6 MB to 57.5 MB.
Total: 3.942600 ms (FindLiveObjects: 0.236500 ms CreateObjectMapping: 0.226600 ms MarkObjects: 3.353300 ms  DeleteObjects: 0.124800 ms)

AssetImportParameters requested are different than current active one (requested -> active):
  custom:video-decoder-ogg-theora: a1e56fd34408186e4bbccfd4996cb3dc -> 
  custom:container-muxer-webm: aa71ff27fc2769a1b78a27578f13a17b -> 
  custom:container-demuxer-webm: 4f35f7cbe854078d1ac9338744f61a02 -> 
  custom:video-encoder-webm-vp8: eb34c28f22e8b96e1ab97ce403110664 -> 
  custom:video-codec-MediaFoundation-h265: 746d11721c4dcdbdad8f713fa42b33f4 -> 
  custom:audio-encoder-webm-vorbis: bf7c407c2cedff20999df2af8eb42d56 -> 
  custom:framework-win-MediaFoundation: 216162199b28c13a410421893ffa2e32 -> 
  custom:container-demuxer-ogg: 62fdf1f143b41e24485cea50d1cbac27 -> 
  custom:video-decoder-webm-vp8: 9c59270c3fd7afecdb556c50c9e8de78 -> 
  custom:audio-decoder-ogg-vorbis: bf7c407c2cedff20999df2af8eb42d56 -> 
